TN:
SF:src\business\services\AddToCartService.js
FN:6,(anonymous_0)
FNF:1
FNH:1
FNDA:11,(anonymous_0)
DA:4,5
DA:6,5
DA:8,11
DA:11,2
DA:14,9
LF:5
LH:5
BRDA:8,0,0,2
BRDA:8,0,1,9
BRDA:8,1,0,11
BRDA:8,1,1,10
BRDA:8,1,2,9
BRDA:8,1,3,9
BRDA:8,1,4,9
BRDA:8,1,5,9
BRF:8
BRH:8
end_of_record
TN:
SF:src\business\services\CheckoutOrderService.js
FN:6,(anonymous_0)
FNF:1
FNH:1
FNDA:7,(anonymous_0)
DA:4,4
DA:6,4
DA:7,7
LF:3
LH:3
BRF:0
BRH:0
end_of_record
TN:
SF:src\business\services\ClearCartService.js
FN:6,(anonymous_0)
FNF:1
FNH:1
FNDA:10,(anonymous_0)
DA:4,5
DA:6,5
DA:7,10
LF:3
LH:3
BRF:0
BRH:0
end_of_record
TN:
SF:src\business\services\GetCartService.js
FN:6,(anonymous_0)
FNF:1
FNH:1
FNDA:12,(anonymous_0)
DA:4,5
DA:6,5
DA:7,12
LF:3
LH:3
BRF:0
BRH:0
end_of_record
TN:
SF:src\business\services\GetOrderDetailsService.js
FN:6,(anonymous_0)
FNF:1
FNH:1
FNDA:2,(anonymous_0)
DA:4,1
DA:6,1
DA:7,2
LF:3
LH:3
BRF:0
BRH:0
end_of_record
TN:
SF:src\business\services\ListOrdersService.js
FN:6,(anonymous_0)
FNF:1
FNH:1
FNDA:3,(anonymous_0)
DA:4,2
DA:6,2
DA:7,3
LF:3
LH:3
BRF:0
BRH:0
end_of_record
TN:
SF:src\business\services\ListProductsService.js
FN:6,(anonymous_0)
FNF:1
FNH:1
FNDA:2,(anonymous_0)
DA:4,2
DA:6,2
DA:7,2
LF:3
LH:3
BRF:0
BRH:0
end_of_record
TN:
SF:src\business\services\RemoveFromCartService.js
FN:6,(anonymous_0)
FNF:1
FNH:1
FNDA:5,(anonymous_0)
DA:4,1
DA:6,1
DA:7,5
DA:8,3
DA:11,2
LF:5
LH:5
BRDA:7,0,0,3
BRDA:7,0,1,2
BRDA:7,1,0,5
BRDA:7,1,1,3
BRDA:7,1,2,3
BRF:5
BRH:5
end_of_record
TN:
SF:src\data\state.js
FNF:0
FNH:0
DA:2,9
LF:1
LH:1
BRF:0
BRH:0
end_of_record
TN:
SF:src\data\memory\CartRepositoryInMemory.js
FN:6,(anonymous_0)
FN:10,(anonymous_1)
FN:11,(anonymous_2)
FN:20,(anonymous_3)
FN:21,(anonymous_4)
FN:27,(anonymous_5)
FNF:6
FNH:6
FNDA:12,(anonymous_0)
FNDA:9,(anonymous_1)
FNDA:3,(anonymous_2)
FNDA:2,(anonymous_3)
FNDA:2,(anonymous_4)
FNDA:10,(anonymous_5)
DA:7,12
DA:11,9
DA:13,9
DA:14,1
DA:16,8
DA:21,2
DA:22,2
DA:23,1
DA:28,10
LF:9
LH:9
BRDA:13,0,0,1
BRDA:13,0,1,8
BRDA:22,1,0,1
BRDA:22,1,1,1
BRF:4
BRH:4
end_of_record
TN:
SF:src\data\memory\OrderRepositoryInMemory.js
FN:6,(anonymous_0)
FN:10,(anonymous_1)
FN:11,(anonymous_2)
FN:14,(anonymous_3)
FNF:4
FNH:4
FNDA:3,(anonymous_0)
FNDA:2,(anonymous_1)
FNDA:1,(anonymous_2)
FNDA:7,(anonymous_3)
DA:7,3
DA:11,2
DA:15,7
DA:22,7
DA:23,7
LF:5
LH:5
BRDA:11,0,0,2
BRDA:11,0,1,1
BRDA:14,1,0,7
BRF:3
BRH:3
end_of_record
TN:
SF:src\data\memory\ProductRepositoryInMemory.js
FN:6,(anonymous_0)
FN:7,(anonymous_1)
FN:10,(anonymous_2)
FN:11,(anonymous_3)
FNF:4
FNH:2
FNDA:2,(anonymous_0)
FNDA:2,(anonymous_1)
FNDA:0,(anonymous_2)
FNDA:0,(anonymous_3)
DA:7,2
DA:11,0
LF:2
LH:1
BRDA:11,0,0,0
BRDA:11,0,1,0
BRF:2
BRH:0
end_of_record
TN:
SF:src\presentation\http\controllers\cartController.js
FN:5,(anonymous_0)
FN:10,(anonymous_1)
FN:21,(anonymous_2)
FNF:3
FNH:3
FNDA:1,(anonymous_0)
FNDA:2,(anonymous_1)
FNDA:1,(anonymous_2)
DA:5,1
DA:6,1
DA:7,1
DA:10,1
DA:11,2
DA:13,2
DA:14,2
DA:15,2
DA:17,0
DA:21,1
DA:22,1
DA:23,1
LF:12
LH:11
BRF:0
BRH:0
end_of_record
TN:
SF:src\presentation\http\controllers\orderController.js
FN:4,(anonymous_0)
FN:9,(anonymous_1)
FNF:2
FNH:2
FNDA:1,(anonymous_0)
FNDA:1,(anonymous_1)
DA:4,1
DA:5,1
DA:6,1
DA:9,1
DA:10,1
DA:11,1
LF:6
LH:6
BRF:0
BRH:0
end_of_record
TN:
SF:src\presentation\http\controllers\productController.js
FN:3,(anonymous_0)
FNF:1
FNH:1
FNDA:1,(anonymous_0)
DA:3,1
DA:4,1
DA:5,1
LF:3
LH:3
BRF:0
BRH:0
end_of_record
TN:
SF:src\presentation\http\middlewares\errorMiddleware.js
FN:2,(anonymous_0)
FNF:1
FNH:0
FNDA:0,(anonymous_0)
DA:2,1
DA:3,0
DA:6,0
DA:7,0
DA:14,0
LF:5
LH:1
BRDA:6,0,0,0
BRDA:6,0,1,0
BRF:2
BRH:0
end_of_record
TN:
SF:src\presentation\http\routes\cartRoutes.js
FNF:0
FNH:0
DA:4,1
DA:6,1
DA:7,1
DA:8,1
LF:4
LH:4
BRF:0
BRH:0
end_of_record
TN:
SF:src\presentation\http\routes\orderRoutes.js
FNF:0
FNH:0
DA:4,1
DA:6,1
DA:7,1
LF:3
LH:3
BRF:0
BRH:0
end_of_record
TN:
SF:src\presentation\http\routes\productRoutes.js
FNF:0
FNH:0
DA:4,1
DA:6,1
LF:2
LH:2
BRF:0
BRH:0
end_of_record
